<?xml version="1.0" encoding="UTF-8"?>
<testsuite name="com.example.demo.PrimeiroSpringDataApplicationTests" time="0.008" tests="1" errors="1" skipped="0" failures="0">
  <properties>
[...]
</properties>
  <testcase name="initializationError" classname="com.example.demo.PrimeiroSpringDataApplicationTests" time="0.008">
    <error message="Unable to find a @SpringBootConfiguration, you need to use @ContextConfiguration or @SpringBootTest(classes=...) with your test" type="java.lang.IllegalStateException"><![CDATA[java.lang.IllegalStateException: Unable to find a @SpringBootConfiguration, you need to use @ContextConfiguration or @SpringBootTest(classes=...) with your test
	at org.springframework.util.Assert.state(Assert.java:70)
	at org.springframework.boot.test.context.SpringBootTestContextBootstrapper.getOrFindConfigurationClasses(SpringBootTestContextBootstrapper.java:202)
	at org.springframework.boot.test.context.SpringBootTestContextBootstrapper.processMergedContextConfiguration(SpringBootTestContextBootstrapper.java:137)
	at org.springframework.test.context.support.AbstractTestContextBootstrapper.buildMergedContextConfiguration(AbstractTestContextBootstrapper.java:397)
	at org.springframework.test.context.support.AbstractTestContextBootstrapper.buildDefaultMergedContextConfiguration(AbstractTestContextBootstrapper.java:311)
	at org.springframework.test.context.support.AbstractTestContextBootstrapper.buildMergedContextConfiguration(AbstractTestContextBootstrapper.java:265)
	at org.springframework.test.context.support.AbstractTestContextBootstrapper.buildTestContext(AbstractTestContextBootstrapper.java:105)
	at org.springframework.boot.test.context.SpringBootTestContextBootstrapper.buildTestContext(SpringBootTestContextBootstrapper.java:82)
	at org.springframework.test.context.TestContextManager.<init>(TestContextManager.java:120)
	at org.springframework.test.context.TestContextManager.<init>(TestContextManager.java:105)
	at org.springframework.test.context.junit4.SpringJUnit4ClassRunner.createTestContextManager(SpringJUnit4ClassRunner.java:152)
	at org.springframework.test.context.junit4.SpringJUnit4ClassRunner.<init>(SpringJUnit4ClassRunner.java:143)
	at org.springframework.test.context.junit4.SpringRunner.<init>(SpringRunner.java:49)
	at sun.reflect.NativeConstructorAccessorImpl.newInstance0(Native Method)
	at sun.reflect.NativeConstructorAccessorImpl.newInstance(NativeConstructorAccessorImpl.java:62)
	at sun.reflect.DelegatingConstructorAccessorImpl.newInstance(DelegatingConstructorAccessorImpl.java:45)
	at java.lang.reflect.Constructor.newInstance(Constructor.java:423)
	at org.junit.internal.builders.AnnotatedBuilder.buildRunner(AnnotatedBuilder.java:104)
	at org.junit.internal.builders.AnnotatedBuilder.runnerForClass(AnnotatedBuilder.java:86)
	at org.junit.runners.model.RunnerBuilder.safeRunnerForClass(RunnerBuilder.java:59)
	at org.junit.internal.builders.AllDefaultPossibilitiesBuilder.runnerForClass(AllDefaultPossibilitiesBuilder.java:26)
	at org.junit.runners.model.RunnerBuilder.safeRunnerForClass(RunnerBuilder.java:59)
	at org.junit.internal.requests.ClassRequest.getRunner(ClassRequest.java:33)
	at org.apache.maven.surefire.junit4.JUnit4Provider.execute(JUnit4Provider.java:283)
	at org.apache.maven.surefire.junit4.JUnit4Provider.executeWithRerun(JUnit4Provider.java:173)
	at org.apache.maven.surefire.junit4.JUnit4Provider.executeTestSet(JUnit4Provider.java:153)
	at org.apache.maven.surefire.junit4.JUnit4Provider.invoke(JUnit4Provider.java:128)
	at org.apache.maven.surefire.booter.ForkedBooter.invokeProviderInSameClassLoader(ForkedBooter.java:203)
	at org.apache.maven.surefire.booter.ForkedBooter.runSuitesInProcess(ForkedBooter.java:155)
	at org.apache.maven.surefire.booter.ForkedBooter.main(ForkedBooter.java:103)
]]></error>
    <system-out><![CDATA[19:41:00.885 [main] DEBUG org.springframework.test.context.junit4.SpringJUnit4ClassRunner - SpringJUnit4ClassRunner constructor called with [class com.example.demo.PrimeiroSpringDataApplicationTests]
19:41:00.900 [main] DEBUG org.springframework.test.context.BootstrapUtils - Instantiating CacheAwareContextLoaderDelegate from class [org.springframework.test.context.cache.DefaultCacheAwareContextLoaderDelegate]
19:41:00.914 [main] DEBUG org.springframework.test.context.BootstrapUtils - Instantiating BootstrapContext using constructor [public org.springframework.test.context.support.DefaultBootstrapContext(java.lang.Class,org.springframework.test.context.CacheAwareContextLoaderDelegate)]
19:41:00.964 [main] DEBUG org.springframework.test.context.BootstrapUtils - Instantiating TestContextBootstrapper for test class [com.example.demo.PrimeiroSpringDataApplicationTests] from class [org.springframework.boot.test.context.SpringBootTestContextBootstrapper]
19:41:00.990 [main] INFO org.springframework.boot.test.context.SpringBootTestContextBootstrapper - Neither @ContextConfiguration nor @ContextHierarchy found for test class [com.example.demo.PrimeiroSpringDataApplicationTests], using SpringBootContextLoader
19:41:00.997 [main] DEBUG org.springframework.test.context.support.AbstractContextLoader - Did not detect default resource location for test class [com.example.demo.PrimeiroSpringDataApplicationTests]: class path resource [com/example/demo/PrimeiroSpringDataApplicationTests-context.xml] does not exist
19:41:00.997 [main] DEBUG org.springframework.test.context.support.AbstractContextLoader - Did not detect default resource location for test class [com.example.demo.PrimeiroSpringDataApplicationTests]: class path resource [com/example/demo/PrimeiroSpringDataApplicationTestsContext.groovy] does not exist
19:41:00.997 [main] INFO org.springframework.test.context.support.AbstractContextLoader - Could not detect default resource locations for test class [com.example.demo.PrimeiroSpringDataApplicationTests]: no resource found for suffixes {-context.xml, Context.groovy}.
19:41:00.999 [main] INFO org.springframework.test.context.support.AnnotationConfigContextLoaderUtils - Could not detect default configuration classes for test class [com.example.demo.PrimeiroSpringDataApplicationTests]: PrimeiroSpringDataApplicationTests does not declare any static, non-private, non-final, nested classes annotated with @Configuration.
19:41:01.062 [main] DEBUG org.springframework.test.context.support.ActiveProfilesUtils - Could not find an 'annotation declaring class' for annotation type [org.springframework.test.context.ActiveProfiles] and class [com.example.demo.PrimeiroSpringDataApplicationTests]
19:41:01.072 [main] DEBUG org.springframework.core.env.StandardEnvironment - Adding PropertySource 'systemProperties' with lowest search precedence
19:41:01.072 [main] DEBUG org.springframework.core.env.StandardEnvironment - Adding PropertySource 'systemEnvironment' with lowest search precedence
19:41:01.073 [main] DEBUG org.springframework.core.env.StandardEnvironment - Initialized StandardEnvironment with PropertySources [MapPropertySource@1511785794 {name='systemProperties', properties={java.runtime.name=Java(TM) SE Runtime Environment, sun.boot.library.path=C:\Program Files\Java\jdk1.8.0_131\jre\bin, java.vm.version=25.131-b11, java.vm.vendor=Oracle Corporation, java.vendor.url=http://java.oracle.com/, path.separator=;, java.vm.name=Java HotSpot(TM) 64-Bit Server VM, file.encoding.pkg=sun.io, user.country=BR, user.script=, sun.java.launcher=SUN_STANDARD, sun.os.patch.level=Service Pack 1, java.vm.specification.name=Java Virtual Machine Specification, user.dir=C:\Users\borges\Documents\GitHub\AngularSpring\Spring\PrimeiroSpringData, java.runtime.version=1.8.0_131-b11, basedir=C:\Users\borges\Documents\GitHub\AngularSpring\Spring\PrimeiroSpringData, java.awt.graphicsenv=sun.awt.Win32GraphicsEnvironment, java.endorsed.dirs=C:\Program Files\Java\jdk1.8.0_131\jre\lib\endorsed, os.arch=amd64, surefire.real.class.path=C:\Users\borges\Documents\GitHub\AngularSpring\Spring\PrimeiroSpringData\target\surefire\surefirebooter8204389696371566208.jar, java.io.tmpdir=C:\Users\borges\AppData\Local\Temp\, line.separator=
, java.vm.specification.vendor=Oracle Corporation, user.variant=, os.name=Windows 7, sun.jnu.encoding=Cp1252, java.library.path=C:\Program Files\Java\jdk1.8.0_131\jre\bin;C:\Windows\Sun\Java\bin;C:\Windows\system32;C:\Windows;C:/Program Files/Java/jdk1.8.0_131/bin/../jre/bin/server;C:/Program Files/Java/jdk1.8.0_131/bin/../jre/bin;C:/Program Files/Java/jdk1.8.0_131/bin/../jre/lib/amd64;C:\Program Files\Intel\WiFi\bin\;C:\Program Files\Common Files\Intel\WirelessCommon\;C:\Users\borges\AppData\Roaming\npm;C:\Users\borges\AppData\Local\Programs\Microsoft VS Code\bin;C:\Users\borges\AppData\Local\GitHubDesktop\bin;C:\Program Files\heroku\bin;C:\Users\borges\AppData\Roaming\Composer\vendor\bin;C:\MongoDB\bin;C:\Program Files\Java\jdk1.8.0_131\bin;C:\Program Files\Intel\WiFi\bin\;C:\Program Files\Common Files\Intel\WirelessCommon\;C:\Users\borges\AppData\Roaming\npm;C:\Users\borges\AppData\Local\Programs\Microsoft VS Code\bin;C:\Users\borges\AppData\Local\GitHubDesktop\bin;C:\Program Files\heroku\bin;C:\Users\borges\AppData\Roaming\Composer\vendor\bin;C:\MongoDB\bin;C:\Program Files\Java\jdk1.8.0_131\bin;C:\cr.borges\CURSO SPRING\Spring tools;;., surefire.test.class.path=C:\Users\borges\Documents\GitHub\AngularSpring\Spring\PrimeiroSpringData\target\test-classes;C:\Users\borges\Documents\GitHub\AngularSpring\Spring\PrimeiroSpringData\target\classes;C:\Users\borges\.m2\repository\org\springframework\boot\spring-boot-starter-data-mongodb\1.5.19.RELEASE\spring-boot-starter-data-mongodb-1.5.19.RELEASE.jar;C:\Users\borges\.m2\repository\org\springframework\boot\spring-boot-starter\1.5.19.RELEASE\spring-boot-starter-1.5.19.RELEASE.jar;C:\Users\borges\.m2\repository\org\springframework\boot\spring-boot\1.5.19.RELEASE\spring-boot-1.5.19.RELEASE.jar;C:\Users\borges\.m2\repository\org\springframework\boot\spring-boot-autoconfigure\1.5.19.RELEASE\spring-boot-autoconfigure-1.5.19.RELEASE.jar;C:\Users\borges\.m2\repository\org\springframework\boot\spring-boot-starter-logging\1.5.19.RELEASE\spring-boot-starter-logging-1.5.19.RELEASE.jar;C:\Users\borges\.m2\repository\ch\qos\logback\logback-classic\1.1.11\logback-classic-1.1.11.jar;C:\Users\borges\.m2\repository\ch\qos\logback\logback-core\1.1.11\logback-core-1.1.11.jar;C:\Users\borges\.m2\repository\org\slf4j\jul-to-slf4j\1.7.25\jul-to-slf4j-1.7.25.jar;C:\Users\borges\.m2\repository\org\slf4j\log4j-over-slf4j\1.7.25\log4j-over-slf4j-1.7.25.jar;C:\Users\borges\.m2\repository\org\yaml\snakeyaml\1.17\snakeyaml-1.17.jar;C:\Users\borges\.m2\repository\org\mongodb\mongodb-driver\3.4.3\mongodb-driver-3.4.3.jar;C:\Users\borges\.m2\repository\org\mongodb\mongodb-driver-core\3.4.3\mongodb-driver-core-3.4.3.jar;C:\Users\borges\.m2\repository\org\mongodb\bson\3.4.3\bson-3.4.3.jar;C:\Users\borges\.m2\repository\org\springframework\data\spring-data-mongodb\1.10.18.RELEASE\spring-data-mongodb-1.10.18.RELEASE.jar;C:\Users\borges\.m2\repository\org\springframework\spring-tx\4.3.22.RELEASE\spring-tx-4.3.22.RELEASE.jar;C:\Users\borges\.m2\repository\org\springframework\spring-context\4.3.22.RELEASE\spring-context-4.3.22.RELEASE.jar;C:\Users\borges\.m2\repository\org\springframework\spring-aop\4.3.22.RELEASE\spring-aop-4.3.22.RELEASE.jar;C:\Users\borges\.m2\repository\org\springframework\spring-beans\4.3.22.RELEASE\spring-beans-4.3.22.RELEASE.jar;C:\Users\borges\.m2\repository\org\springframework\spring-expression\4.3.22.RELEASE\spring-expression-4.3.22.RELEASE.jar;C:\Users\borges\.m2\repository\org\springframework\data\spring-data-commons\1.13.18.RELEASE\spring-data-commons-1.13.18.RELEASE.jar;C:\Users\borges\.m2\repository\org\slf4j\slf4j-api\1.7.25\slf4j-api-1.7.25.jar;C:\Users\borges\.m2\repository\org\slf4j\jcl-over-slf4j\1.7.25\jcl-over-slf4j-1.7.25.jar;C:\Users\borges\.m2\repository\org\springframework\boot\spring-boot-starter-data-rest\1.5.19.RELEASE\spring-boot-starter-data-rest-1.5.19.RELEASE.jar;C:\Users\borges\.m2\repository\org\springframework\boot\spring-boot-starter-web\1.5.19.RELEASE\spring-boot-starter-web-1.5.19.RELEASE.jar;C:\Users\borges\.m2\repository\org\springframework\boot\spring-boot-starter-tomcat\1.5.19.RELEASE\spring-boot-starter-tomcat-1.5.19.RELEASE.jar;C:\Users\borges\.m2\repository\org\apache\tomcat\embed\tomcat-embed-core\8.5.37\tomcat-embed-core-8.5.37.jar;C:\Users\borges\.m2\repository\org\apache\tomcat\tomcat-annotations-api\8.5.37\tomcat-annotations-api-8.5.37.jar;C:\Users\borges\.m2\repository\org\apache\tomcat\embed\tomcat-embed-el\8.5.37\tomcat-embed-el-8.5.37.jar;C:\Users\borges\.m2\repository\org\apache\tomcat\embed\tomcat-embed-websocket\8.5.37\tomcat-embed-websocket-8.5.37.jar;C:\Users\borges\.m2\repository\org\hibernate\hibernate-validator\5.3.6.Final\hibernate-validator-5.3.6.Final.jar;C:\Users\borges\.m2\repository\javax\validation\validation-api\1.1.0.Final\validation-api-1.1.0.Final.jar;C:\Users\borges\.m2\repository\org\jboss\logging\jboss-logging\3.3.2.Final\jboss-logging-3.3.2.Final.jar;C:\Users\borges\.m2\repository\com\fasterxml\classmate\1.3.4\classmate-1.3.4.jar;C:\Users\borges\.m2\repository\org\springframework\spring-web\4.3.22.RELEASE\spring-web-4.3.22.RELEASE.jar;C:\Users\borges\.m2\repository\org\springframework\spring-webmvc\4.3.22.RELEASE\spring-webmvc-4.3.22.RELEASE.jar;C:\Users\borges\.m2\repository\com\fasterxml\jackson\core\jackson-annotations\2.8.0\jackson-annotations-2.8.0.jar;C:\Users\borges\.m2\repository\com\fasterxml\jackson\core\jackson-databind\2.8.11.3\jackson-databind-2.8.11.3.jar;C:\Users\borges\.m2\repository\com\fasterxml\jackson\core\jackson-core\2.8.11\jackson-core-2.8.11.jar;C:\Users\borges\.m2\repository\org\springframework\data\spring-data-rest-webmvc\2.6.18.RELEASE\spring-data-rest-webmvc-2.6.18.RELEASE.jar;C:\Users\borges\.m2\repository\org\springframework\data\spring-data-rest-core\2.6.18.RELEASE\spring-data-rest-core-2.6.18.RELEASE.jar;C:\Users\borges\.m2\repository\org\springframework\hateoas\spring-hateoas\0.23.0.RELEASE\spring-hateoas-0.23.0.RELEASE.jar;C:\Users\borges\.m2\repository\org\springframework\plugin\spring-plugin-core\1.2.0.RELEASE\spring-plugin-core-1.2.0.RELEASE.jar;C:\Users\borges\.m2\repository\org\atteo\evo-inflector\1.2.2\evo-inflector-1.2.2.jar;C:\Users\borges\.m2\repository\org\springframework\boot\spring-boot-starter-test\1.5.19.RELEASE\spring-boot-starter-test-1.5.19.RELEASE.jar;C:\Users\borges\.m2\repository\org\springframework\boot\spring-boot-test\1.5.19.RELEASE\spring-boot-test-1.5.19.RELEASE.jar;C:\Users\borges\.m2\repository\org\springframework\boot\spring-boot-test-autoconfigure\1.5.19.RELEASE\spring-boot-test-autoconfigure-1.5.19.RELEASE.jar;C:\Users\borges\.m2\repository\com\jayway\jsonpath\json-path\2.2.0\json-path-2.2.0.jar;C:\Users\borges\.m2\repository\net\minidev\json-smart\2.2.1\json-smart-2.2.1.jar;C:\Users\borges\.m2\repository\net\minidev\accessors-smart\1.1\accessors-smart-1.1.jar;C:\Users\borges\.m2\repository\org\ow2\asm\asm\5.0.3\asm-5.0.3.jar;C:\Users\borges\.m2\repository\junit\junit\4.12\junit-4.12.jar;C:\Users\borges\.m2\repository\org\assertj\assertj-core\2.6.0\assertj-core-2.6.0.jar;C:\Users\borges\.m2\repository\org\mockito\mockito-core\1.10.19\mockito-core-1.10.19.jar;C:\Users\borges\.m2\repository\org\objenesis\objenesis\2.1\objenesis-2.1.jar;C:\Users\borges\.m2\repository\org\hamcrest\hamcrest-core\1.3\hamcrest-core-1.3.jar;C:\Users\borges\.m2\repository\org\hamcrest\hamcrest-library\1.3\hamcrest-library-1.3.jar;C:\Users\borges\.m2\repository\org\skyscreamer\jsonassert\1.4.0\jsonassert-1.4.0.jar;C:\Users\borges\.m2\repository\com\vaadin\external\google\android-json\0.0.20131108.vaadin1\android-json-0.0.20131108.vaadin1.jar;C:\Users\borges\.m2\repository\org\springframework\spring-core\4.3.22.RELEASE\spring-core-4.3.22.RELEASE.jar;C:\Users\borges\.m2\repository\org\springframework\spring-test\4.3.22.RELEASE\spring-test-4.3.22.RELEASE.jar;, java.specification.name=Java Platform API Specification, java.class.version=52.0, sun.management.compiler=HotSpot 64-Bit Tiered Compilers, os.version=6.1, user.home=C:\Users\borges, user.timezone=America/Sao_Paulo, java.awt.printerjob=sun.awt.windows.WPrinterJob, file.encoding=Cp1252, java.specification.version=1.8, java.class.path=C:\Users\borges\Documents\GitHub\AngularSpring\Spring\PrimeiroSpringData\target\test-classes;C:\Users\borges\Documents\GitHub\AngularSpring\Spring\PrimeiroSpringData\target\classes;C:\Users\borges\.m2\repository\org\springframework\boot\spring-boot-starter-data-mongodb\1.5.19.RELEASE\spring-boot-starter-data-mongodb-1.5.19.RELEASE.jar;C:\Users\borges\.m2\repository\org\springframework\boot\spring-boot-starter\1.5.19.RELEASE\spring-boot-starter-1.5.19.RELEASE.jar;C:\Users\borges\.m2\repository\org\springframework\boot\spring-boot\1.5.19.RELEASE\spring-boot-1.5.19.RELEASE.jar;C:\Users\borges\.m2\repository\org\springframework\boot\spring-boot-autoconfigure\1.5.19.RELEASE\spring-boot-autoconfigure-1.5.19.RELEASE.jar;C:\Users\borges\.m2\repository\org\springframework\boot\spring-boot-starter-logging\1.5.19.RELEASE\spring-boot-starter-logging-1.5.19.RELEASE.jar;C:\Users\borges\.m2\repository\ch\qos\logback\logback-classic\1.1.11\logback-classic-1.1.11.jar;C:\Users\borges\.m2\repository\ch\qos\logback\logback-core\1.1.11\logback-core-1.1.11.jar;C:\Users\borges\.m2\repository\org\slf4j\jul-to-slf4j\1.7.25\jul-to-slf4j-1.7.25.jar;C:\Users\borges\.m2\repository\org\slf4j\log4j-over-slf4j\1.7.25\log4j-over-slf4j-1.7.25.jar;C:\Users\borges\.m2\repository\org\yaml\snakeyaml\1.17\snakeyaml-1.17.jar;C:\Users\borges\.m2\repository\org\mongodb\mongodb-driver\3.4.3\mongodb-driver-3.4.3.jar;C:\Users\borges\.m2\repository\org\mongodb\mongodb-driver-core\3.4.3\mongodb-driver-core-3.4.3.jar;C:\Users\borges\.m2\repository\org\mongodb\bson\3.4.3\bson-3.4.3.jar;C:\Users\borges\.m2\repository\org\springframework\data\spring-data-mongodb\1.10.18.RELEASE\spring-data-mongodb-1.10.18.RELEASE.jar;C:\Users\borges\.m2\repository\org\springframework\spring-tx\4.3.22.RELEASE\spring-tx-4.3.22.RELEASE.jar;C:\Users\borges\.m2\repository\org\springframework\spring-context\4.3.22.RELEASE\spring-context-4.3.22.RELEASE.jar;C:\Users\borges\.m2\repository\org\springframework\spring-aop\4.3.22.RELEASE\spring-aop-4.3.22.RELEASE.jar;C:\Users\borges\.m2\repository\org\springframework\spring-beans\4.3.22.RELEASE\spring-beans-4.3.22.RELEASE.jar;C:\Users\borges\.m2\repository\org\springframework\spring-expression\4.3.22.RELEASE\spring-expression-4.3.22.RELEASE.jar;C:\Users\borges\.m2\repository\org\springframework\data\spring-data-commons\1.13.18.RELEASE\spring-data-commons-1.13.18.RELEASE.jar;C:\Users\borges\.m2\repository\org\slf4j\slf4j-api\1.7.25\slf4j-api-1.7.25.jar;C:\Users\borges\.m2\repository\org\slf4j\jcl-over-slf4j\1.7.25\jcl-over-slf4j-1.7.25.jar;C:\Users\borges\.m2\repository\org\springframework\boot\spring-boot-starter-data-rest\1.5.19.RELEASE\spring-boot-starter-data-rest-1.5.19.RELEASE.jar;C:\Users\borges\.m2\repository\org\springframework\boot\spring-boot-starter-web\1.5.19.RELEASE\spring-boot-starter-web-1.5.19.RELEASE.jar;C:\Users\borges\.m2\repository\org\springframework\boot\spring-boot-starter-tomcat\1.5.19.RELEASE\spring-boot-starter-tomcat-1.5.19.RELEASE.jar;C:\Users\borges\.m2\repository\org\apache\tomcat\embed\tomcat-embed-core\8.5.37\tomcat-embed-core-8.5.37.jar;C:\Users\borges\.m2\repository\org\apache\tomcat\tomcat-annotations-api\8.5.37\tomcat-annotations-api-8.5.37.jar;C:\Users\borges\.m2\repository\org\apache\tomcat\embed\tomcat-embed-el\8.5.37\tomcat-embed-el-8.5.37.jar;C:\Users\borges\.m2\repository\org\apache\tomcat\embed\tomcat-embed-websocket\8.5.37\tomcat-embed-websocket-8.5.37.jar;C:\Users\borges\.m2\repository\org\hibernate\hibernate-validator\5.3.6.Final\hibernate-validator-5.3.6.Final.jar;C:\Users\borges\.m2\repository\javax\validation\validation-api\1.1.0.Final\validation-api-1.1.0.Final.jar;C:\Users\borges\.m2\repository\org\jboss\logging\jboss-logging\3.3.2.Final\jboss-logging-3.3.2.Final.jar;C:\Users\borges\.m2\repository\com\fasterxml\classmate\1.3.4\classmate-1.3.4.jar;C:\Users\borges\.m2\repository\org\springframework\spring-web\4.3.22.RELEASE\spring-web-4.3.22.RELEASE.jar;C:\Users\borges\.m2\repository\org\springframework\spring-webmvc\4.3.22.RELEASE\spring-webmvc-4.3.22.RELEASE.jar;C:\Users\borges\.m2\repository\com\fasterxml\jackson\core\jackson-annotations\2.8.0\jackson-annotations-2.8.0.jar;C:\Users\borges\.m2\repository\com\fasterxml\jackson\core\jackson-databind\2.8.11.3\jackson-databind-2.8.11.3.jar;C:\Users\borges\.m2\repository\com\fasterxml\jackson\core\jackson-core\2.8.11\jackson-core-2.8.11.jar;C:\Users\borges\.m2\repository\org\springframework\data\spring-data-rest-webmvc\2.6.18.RELEASE\spring-data-rest-webmvc-2.6.18.RELEASE.jar;C:\Users\borges\.m2\repository\org\springframework\data\spring-data-rest-core\2.6.18.RELEASE\spring-data-rest-core-2.6.18.RELEASE.jar;C:\Users\borges\.m2\repository\org\springframework\hateoas\spring-hateoas\0.23.0.RELEASE\spring-hateoas-0.23.0.RELEASE.jar;C:\Users\borges\.m2\repository\org\springframework\plugin\spring-plugin-core\1.2.0.RELEASE\spring-plugin-core-1.2.0.RELEASE.jar;C:\Users\borges\.m2\repository\org\atteo\evo-inflector\1.2.2\evo-inflector-1.2.2.jar;C:\Users\borges\.m2\repository\org\springframework\boot\spring-boot-starter-test\1.5.19.RELEASE\spring-boot-starter-test-1.5.19.RELEASE.jar;C:\Users\borges\.m2\repository\org\springframework\boot\spring-boot-test\1.5.19.RELEASE\spring-boot-test-1.5.19.RELEASE.jar;C:\Users\borges\.m2\repository\org\springframework\boot\spring-boot-test-autoconfigure\1.5.19.RELEASE\spring-boot-test-autoconfigure-1.5.19.RELEASE.jar;C:\Users\borges\.m2\repository\com\jayway\jsonpath\json-path\2.2.0\json-path-2.2.0.jar;C:\Users\borges\.m2\repository\net\minidev\json-smart\2.2.1\json-smart-2.2.1.jar;C:\Users\borges\.m2\repository\net\minidev\accessors-smart\1.1\accessors-smart-1.1.jar;C:\Users\borges\.m2\repository\org\ow2\asm\asm\5.0.3\asm-5.0.3.jar;C:\Users\borges\.m2\repository\junit\junit\4.12\junit-4.12.jar;C:\Users\borges\.m2\repository\org\assertj\assertj-core\2.6.0\assertj-core-2.6.0.jar;C:\Users\borges\.m2\repository\org\mockito\mockito-core\1.10.19\mockito-core-1.10.19.jar;C:\Users\borges\.m2\repository\org\objenesis\objenesis\2.1\objenesis-2.1.jar;C:\Users\borges\.m2\repository\org\hamcrest\hamcrest-core\1.3\hamcrest-core-1.3.jar;C:\Users\borges\.m2\repository\org\hamcrest\hamcrest-library\1.3\hamcrest-library-1.3.jar;C:\Users\borges\.m2\repository\org\skyscreamer\jsonassert\1.4.0\jsonassert-1.4.0.jar;C:\Users\borges\.m2\repository\com\vaadin\external\google\android-json\0.0.20131108.vaadin1\android-json-0.0.20131108.vaadin1.jar;C:\Users\borges\.m2\repository\org\springframework\spring-core\4.3.22.RELEASE\spring-core-4.3.22.RELEASE.jar;C:\Users\borges\.m2\repository\org\springframework\spring-test\4.3.22.RELEASE\spring-test-4.3.22.RELEASE.jar;, user.name=borges, java.vm.specification.version=1.8, sun.java.command=C:\Users\borges\Documents\GitHub\AngularSpring\Spring\PrimeiroSpringData\target\surefire\surefirebooter8204389696371566208.jar C:\Users\borges\Documents\GitHub\AngularSpring\Spring\PrimeiroSpringData\target\surefire\surefire8112331922773021049tmp C:\Users\borges\Documents\GitHub\AngularSpring\Spring\PrimeiroSpringData\target\surefire\surefire_07819592837401937151tmp, java.home=C:\Program Files\Java\jdk1.8.0_131\jre, sun.arch.data.model=64, user.language=pt, java.specification.vendor=Oracle Corporation, awt.toolkit=sun.awt.windows.WToolkit, java.vm.info=mixed mode, java.version=1.8.0_131, java.ext.dirs=C:\Program Files\Java\jdk1.8.0_131\jre\lib\ext;C:\Windows\Sun\Java\lib\ext, sun.boot.class.path=C:\Program Files\Java\jdk1.8.0_131\jre\lib\resources.jar;C:\Program Files\Java\jdk1.8.0_131\jre\lib\rt.jar;C:\Program Files\Java\jdk1.8.0_131\jre\lib\sunrsasign.jar;C:\Program Files\Java\jdk1.8.0_131\jre\lib\jsse.jar;C:\Program Files\Java\jdk1.8.0_131\jre\lib\jce.jar;C:\Program Files\Java\jdk1.8.0_131\jre\lib\charsets.jar;C:\Program Files\Java\jdk1.8.0_131\jre\lib\jfr.jar;C:\Program Files\Java\jdk1.8.0_131\jre\classes, java.vendor=Oracle Corporation, localRepository=C:\Users\borges\.m2\repository, file.separator=\, java.vendor.url.bug=http://bugreport.sun.com/bugreport/, sun.io.unicode.encoding=UnicodeLittle, sun.cpu.endian=little, sun.desktop=windows, sun.cpu.isalist=amd64}}, SystemEnvironmentPropertySource@963601816 {name='systemEnvironment', properties={PATH=C:/Program Files/Java/jdk1.8.0_131/bin/../jre/bin/server;C:/Program Files/Java/jdk1.8.0_131/bin/../jre/bin;C:/Program Files/Java/jdk1.8.0_131/bin/../jre/lib/amd64;C:\Program Files\Intel\WiFi\bin\;C:\Program Files\Common Files\Intel\WirelessCommon\;C:\Users\borges\AppData\Roaming\npm;C:\Users\borges\AppData\Local\Programs\Microsoft VS Code\bin;C:\Users\borges\AppData\Local\GitHubDesktop\bin;C:\Program Files\heroku\bin;C:\Users\borges\AppData\Roaming\Composer\vendor\bin;C:\MongoDB\bin;C:\Program Files\Java\jdk1.8.0_131\bin;C:\Program Files\Intel\WiFi\bin\;C:\Program Files\Common Files\Intel\WirelessCommon\;C:\Users\borges\AppData\Roaming\npm;C:\Users\borges\AppData\Local\Programs\Microsoft VS Code\bin;C:\Users\borges\AppData\Local\GitHubDesktop\bin;C:\Program Files\heroku\bin;C:\Users\borges\AppData\Roaming\Composer\vendor\bin;C:\MongoDB\bin;C:\Program Files\Java\jdk1.8.0_131\bin;C:\cr.borges\CURSO SPRING\Spring tools;, LOCALAPPDATA=C:\Users\borges\AppData\Local, PROCESSOR_LEVEL=6, SYSTEMDRIVE=C:, COMMONPROGRAMFILES(X86)=C:\Program Files (x86)\Common Files, FP_NO_HOST_CHECK=NO, USERDOMAIN=borgespc, LOGONSERVER=\\BORGESPC, PROMPT=$P$G, SESSIONNAME=Console, ALLUSERSPROFILE=C:\ProgramData, PROGRAMFILES(X86)=C:\Program Files (x86), PROCESSOR_ARCHITECTURE=AMD64, PROGRAMFILES=C:\Program Files, =C:=C:\Users\borges\Documents\GitHub\AngularSpring\Spring\PrimeiroSpringData, APPDATA=C:\Users\borges\AppData\Roaming, MOZ_PLUGIN_PATH=C:\Program Files (x86)\Foxit Software\Foxit Reader\plugins\, PSMODULEPATH=C:\Windows\system32\WindowsPowerShell\v1.0\Modules\, PROGRAMW6432=C:\Program Files, PROGRAMDATA=C:\ProgramData, SYSTEMROOT=C:\Windows, USERNAME=borges, VBOX_MSI_INSTALL_PATH=C:\Program Files\Oracle\VirtualBox\, PATHEXT=.COM;.EXE;.BAT;.CMD;.VBS;.VBE;.JS;.JSE;.WSF;.WSH;.MSC, OS=Windows_NT, COMMONPROGRAMW6432=C:\Program Files\Common Files, COMPUTERNAME=BORGESPC, COMMONPROGRAMFILES=C:\Program Files\Common Files, COMSPEC=C:\Windows\system32\cmd.exe, PROCESSOR_REVISION=3a09, WINDIR=C:\Windows, HOMEPATH=\Users\borges, TEMP=C:\Users\borges\AppData\Local\Temp, HOMEDRIVE=C:, PROCESSOR_IDENTIFIER=Intel64 Family 6 Model 58 Stepping 9, GenuineIntel, USERPROFILE=C:\Users\borges, TMP=C:\Users\borges\AppData\Local\Temp, PUBLIC=C:\Users\Public, NUMBER_OF_PROCESSORS=4}}]
19:41:01.096 [main] DEBUG org.springframework.core.io.support.PathMatchingResourcePatternResolver - Resolved classpath location [com/example/demo/] to resources [URL [file:/C:/Users/borges/Documents/GitHub/AngularSpring/Spring/PrimeiroSpringData/target/test-classes/com/example/demo/]]
19:41:01.097 [main] DEBUG org.springframework.core.io.support.PathMatchingResourcePatternResolver - Looking for matching resources in directory tree [C:\Users\borges\Documents\GitHub\AngularSpring\Spring\PrimeiroSpringData\target\test-classes\com\example\demo]
19:41:01.097 [main] DEBUG org.springframework.core.io.support.PathMatchingResourcePatternResolver - Searching directory [C:\Users\borges\Documents\GitHub\AngularSpring\Spring\PrimeiroSpringData\target\test-classes\com\example\demo] for files matching pattern [C:/Users/borges/Documents/GitHub/AngularSpring/Spring/PrimeiroSpringData/target/test-classes/com/example/demo/*.class]
19:41:01.102 [main] DEBUG org.springframework.core.io.support.PathMatchingResourcePatternResolver - Resolved location pattern [classpath*:com/example/demo/*.class] to resources [file [C:\Users\borges\Documents\GitHub\AngularSpring\Spring\PrimeiroSpringData\target\test-classes\com\example\demo\PrimeiroSpringDataApplicationTests.class]]
19:41:01.128 [main] DEBUG org.springframework.core.io.support.PathMatchingResourcePatternResolver - Resolved classpath location [com/example/] to resources [URL [file:/C:/Users/borges/Documents/GitHub/AngularSpring/Spring/PrimeiroSpringData/target/test-classes/com/example/]]
19:41:01.128 [main] DEBUG org.springframework.core.io.support.PathMatchingResourcePatternResolver - Looking for matching resources in directory tree [C:\Users\borges\Documents\GitHub\AngularSpring\Spring\PrimeiroSpringData\target\test-classes\com\example]
19:41:01.128 [main] DEBUG org.springframework.core.io.support.PathMatchingResourcePatternResolver - Searching directory [C:\Users\borges\Documents\GitHub\AngularSpring\Spring\PrimeiroSpringData\target\test-classes\com\example] for files matching pattern [C:/Users/borges/Documents/GitHub/AngularSpring/Spring/PrimeiroSpringData/target/test-classes/com/example/*.class]
19:41:01.129 [main] DEBUG org.springframework.core.io.support.PathMatchingResourcePatternResolver - Resolved location pattern [classpath*:com/example/*.class] to resources []
19:41:01.130 [main] DEBUG org.springframework.core.io.support.PathMatchingResourcePatternResolver - Resolved classpath location [com/] to resources [URL [file:/C:/Users/borges/Documents/GitHub/AngularSpring/Spring/PrimeiroSpringData/target/test-classes/com/], URL [file:/C:/Users/borges/Documents/GitHub/AngularSpring/Spring/PrimeiroSpringData/target/classes/com/], URL [jar:file:/C:/Users/borges/.m2/repository/org/mongodb/mongodb-driver/3.4.3/mongodb-driver-3.4.3.jar!/com/], URL [jar:file:/C:/Users/borges/.m2/repository/org/mongodb/mongodb-driver-core/3.4.3/mongodb-driver-core-3.4.3.jar!/com/], URL [jar:file:/C:/Users/borges/.m2/repository/com/fasterxml/classmate/1.3.4/classmate-1.3.4.jar!/com/], URL [jar:file:/C:/Users/borges/.m2/repository/com/fasterxml/jackson/core/jackson-annotations/2.8.0/jackson-annotations-2.8.0.jar!/com/], URL [jar:file:/C:/Users/borges/.m2/repository/com/fasterxml/jackson/core/jackson-databind/2.8.11.3/jackson-databind-2.8.11.3.jar!/com/], URL [jar:file:/C:/Users/borges/.m2/repository/com/fasterxml/jackson/core/jackson-core/2.8.11/jackson-core-2.8.11.jar!/com/], URL [jar:file:/C:/Users/borges/.m2/repository/com/jayway/jsonpath/json-path/2.2.0/json-path-2.2.0.jar!/com/]]
19:41:01.130 [main] DEBUG org.springframework.core.io.support.PathMatchingResourcePatternResolver - Looking for matching resources in directory tree [C:\Users\borges\Documents\GitHub\AngularSpring\Spring\PrimeiroSpringData\target\test-classes\com]
19:41:01.131 [main] DEBUG org.springframework.core.io.support.PathMatchingResourcePatternResolver - Searching directory [C:\Users\borges\Documents\GitHub\AngularSpring\Spring\PrimeiroSpringData\target\test-classes\com] for files matching pattern [C:/Users/borges/Documents/GitHub/AngularSpring/Spring/PrimeiroSpringData/target/test-classes/com/*.class]
19:41:01.131 [main] DEBUG org.springframework.core.io.support.PathMatchingResourcePatternResolver - Looking for matching resources in directory tree [C:\Users\borges\Documents\GitHub\AngularSpring\Spring\PrimeiroSpringData\target\classes\com]
19:41:01.131 [main] DEBUG org.springframework.core.io.support.PathMatchingResourcePatternResolver - Searching directory [C:\Users\borges\Documents\GitHub\AngularSpring\Spring\PrimeiroSpringData\target\classes\com] for files matching pattern [C:/Users/borges/Documents/GitHub/AngularSpring/Spring/PrimeiroSpringData/target/classes/com/*.class]
19:41:01.132 [main] DEBUG org.springframework.core.io.support.PathMatchingResourcePatternResolver - Looking for matching resources in jar file [file:/C:/Users/borges/.m2/repository/org/mongodb/mongodb-driver/3.4.3/mongodb-driver-3.4.3.jar]
19:41:01.137 [main] DEBUG org.springframework.core.io.support.PathMatchingResourcePatternResolver - Looking for matching resources in jar file [file:/C:/Users/borges/.m2/repository/org/mongodb/mongodb-driver-core/3.4.3/mongodb-driver-core-3.4.3.jar]
19:41:01.154 [main] DEBUG org.springframework.core.io.support.PathMatchingResourcePatternResolver - Looking for matching resources in jar file [file:/C:/Users/borges/.m2/repository/com/fasterxml/classmate/1.3.4/classmate-1.3.4.jar]
19:41:01.155 [main] DEBUG org.springframework.core.io.support.PathMatchingResourcePatternResolver - Looking for matching resources in jar file [file:/C:/Users/borges/.m2/repository/com/fasterxml/jackson/core/jackson-annotations/2.8.0/jackson-annotations-2.8.0.jar]
19:41:01.156 [main] DEBUG org.springframework.core.io.support.PathMatchingResourcePatternResolver - Looking for matching resources in jar file [file:/C:/Users/borges/.m2/repository/com/fasterxml/jackson/core/jackson-databind/2.8.11.3/jackson-databind-2.8.11.3.jar]
19:41:01.164 [main] DEBUG org.springframework.core.io.support.PathMatchingResourcePatternResolver - Looking for matching resources in jar file [file:/C:/Users/borges/.m2/repository/com/fasterxml/jackson/core/jackson-core/2.8.11/jackson-core-2.8.11.jar]
19:41:01.166 [main] DEBUG org.springframework.core.io.support.PathMatchingResourcePatternResolver - Looking for matching resources in jar file [file:/C:/Users/borges/.m2/repository/com/jayway/jsonpath/json-path/2.2.0/json-path-2.2.0.jar]
19:41:01.167 [main] DEBUG org.springframework.core.io.support.PathMatchingResourcePatternResolver - Resolved location pattern [classpath*:com/*.class] to resources []
19:41:01.172 [main] DEBUG org.springframework.test.context.junit4.SpringJUnit4ClassRunner - SpringJUnit4ClassRunner constructor called with [class com.example.demo.PrimeiroSpringDataApplicationTests]
19:41:01.173 [main] DEBUG org.springframework.test.context.BootstrapUtils - Instantiating CacheAwareContextLoaderDelegate from class [org.springframework.test.context.cache.DefaultCacheAwareContextLoaderDelegate]
19:41:01.173 [main] DEBUG org.springframework.test.context.BootstrapUtils - Instantiating BootstrapContext using constructor [public org.springframework.test.context.support.DefaultBootstrapContext(java.lang.Class,org.springframework.test.context.CacheAwareContextLoaderDelegate)]
19:41:01.174 [main] DEBUG org.springframework.test.context.BootstrapUtils - Instantiating TestContextBootstrapper for test class [com.example.demo.PrimeiroSpringDataApplicationTests] from class [org.springframework.boot.test.context.SpringBootTestContextBootstrapper]
19:41:01.175 [main] INFO org.springframework.boot.test.context.SpringBootTestContextBootstrapper - Neither @ContextConfiguration nor @ContextHierarchy found for test class [com.example.demo.PrimeiroSpringDataApplicationTests], using SpringBootContextLoader
19:41:01.176 [main] DEBUG org.springframework.test.context.support.AbstractContextLoader - Did not detect default resource location for test class [com.example.demo.PrimeiroSpringDataApplicationTests]: class path resource [com/example/demo/PrimeiroSpringDataApplicationTests-context.xml] does not exist
19:41:01.177 [main] DEBUG org.springframework.test.context.support.AbstractContextLoader - Did not detect default resource location for test class [com.example.demo.PrimeiroSpringDataApplicationTests]: class path resource [com/example/demo/PrimeiroSpringDataApplicationTestsContext.groovy] does not exist
19:41:01.178 [main] INFO org.springframework.test.context.support.AbstractContextLoader - Could not detect default resource locations for test class [com.example.demo.PrimeiroSpringDataApplicationTests]: no resource found for suffixes {-context.xml, Context.groovy}.
19:41:01.179 [main] INFO org.springframework.test.context.support.AnnotationConfigContextLoaderUtils - Could not detect default configuration classes for test class [com.example.demo.PrimeiroSpringDataApplicationTests]: PrimeiroSpringDataApplicationTests does not declare any static, non-private, non-final, nested classes annotated with @Configuration.
19:41:01.187 [main] DEBUG org.springframework.test.context.support.ActiveProfilesUtils - Could not find an 'annotation declaring class' for annotation type [org.springframework.test.context.ActiveProfiles] and class [com.example.demo.PrimeiroSpringDataApplicationTests]
19:41:01.187 [main] DEBUG org.springframework.core.env.StandardEnvironment - Adding PropertySource 'systemProperties' with lowest search precedence
19:41:01.187 [main] DEBUG org.springframework.core.env.StandardEnvironment - Adding PropertySource 'systemEnvironment' with lowest search precedence
19:41:01.188 [main] DEBUG org.springframework.core.env.StandardEnvironment - Initialized StandardEnvironment with PropertySources [MapPropertySource@292917034 {name='systemProperties', properties={java.runtime.name=Java(TM) SE Runtime Environment, sun.boot.library.path=C:\Program Files\Java\jdk1.8.0_131\jre\bin, java.vm.version=25.131-b11, java.vm.vendor=Oracle Corporation, java.vendor.url=http://java.oracle.com/, path.separator=;, java.vm.name=Java HotSpot(TM) 64-Bit Server VM, file.encoding.pkg=sun.io, user.country=BR, user.script=, sun.java.launcher=SUN_STANDARD, sun.os.patch.level=Service Pack 1, java.vm.specification.name=Java Virtual Machine Specification, user.dir=C:\Users\borges\Documents\GitHub\AngularSpring\Spring\PrimeiroSpringData, java.runtime.version=1.8.0_131-b11, basedir=C:\Users\borges\Documents\GitHub\AngularSpring\Spring\PrimeiroSpringData, java.awt.graphicsenv=sun.awt.Win32GraphicsEnvironment, java.endorsed.dirs=C:\Program Files\Java\jdk1.8.0_131\jre\lib\endorsed, os.arch=amd64, surefire.real.class.path=C:\Users\borges\Documents\GitHub\AngularSpring\Spring\PrimeiroSpringData\target\surefire\surefirebooter8204389696371566208.jar, java.io.tmpdir=C:\Users\borges\AppData\Local\Temp\, line.separator=
, java.vm.specification.vendor=Oracle Corporation, user.variant=, os.name=Windows 7, sun.jnu.encoding=Cp1252, java.library.path=C:\Program Files\Java\jdk1.8.0_131\jre\bin;C:\Windows\Sun\Java\bin;C:\Windows\system32;C:\Windows;C:/Program Files/Java/jdk1.8.0_131/bin/../jre/bin/server;C:/Program Files/Java/jdk1.8.0_131/bin/../jre/bin;C:/Program Files/Java/jdk1.8.0_131/bin/../jre/lib/amd64;C:\Program Files\Intel\WiFi\bin\;C:\Program Files\Common Files\Intel\WirelessCommon\;C:\Users\borges\AppData\Roaming\npm;C:\Users\borges\AppData\Local\Programs\Microsoft VS Code\bin;C:\Users\borges\AppData\Local\GitHubDesktop\bin;C:\Program Files\heroku\bin;C:\Users\borges\AppData\Roaming\Composer\vendor\bin;C:\MongoDB\bin;C:\Program Files\Java\jdk1.8.0_131\bin;C:\Program Files\Intel\WiFi\bin\;C:\Program Files\Common Files\Intel\WirelessCommon\;C:\Users\borges\AppData\Roaming\npm;C:\Users\borges\AppData\Local\Programs\Microsoft VS Code\bin;C:\Users\borges\AppData\Local\GitHubDesktop\bin;C:\Program Files\heroku\bin;C:\Users\borges\AppData\Roaming\Composer\vendor\bin;C:\MongoDB\bin;C:\Program Files\Java\jdk1.8.0_131\bin;C:\cr.borges\CURSO SPRING\Spring tools;;., surefire.test.class.path=C:\Users\borges\Documents\GitHub\AngularSpring\Spring\PrimeiroSpringData\target\test-classes;C:\Users\borges\Documents\GitHub\AngularSpring\Spring\PrimeiroSpringData\target\classes;C:\Users\borges\.m2\repository\org\springframework\boot\spring-boot-starter-data-mongodb\1.5.19.RELEASE\spring-boot-starter-data-mongodb-1.5.19.RELEASE.jar;C:\Users\borges\.m2\repository\org\springframework\boot\spring-boot-starter\1.5.19.RELEASE\spring-boot-starter-1.5.19.RELEASE.jar;C:\Users\borges\.m2\repository\org\springframework\boot\spring-boot\1.5.19.RELEASE\spring-boot-1.5.19.RELEASE.jar;C:\Users\borges\.m2\repository\org\springframework\boot\spring-boot-autoconfigure\1.5.19.RELEASE\spring-boot-autoconfigure-1.5.19.RELEASE.jar;C:\Users\borges\.m2\repository\org\springframework\boot\spring-boot-starter-logging\1.5.19.RELEASE\spring-boot-starter-logging-1.5.19.RELEASE.jar;C:\Users\borges\.m2\repository\ch\qos\logback\logback-classic\1.1.11\logback-classic-1.1.11.jar;C:\Users\borges\.m2\repository\ch\qos\logback\logback-core\1.1.11\logback-core-1.1.11.jar;C:\Users\borges\.m2\repository\org\slf4j\jul-to-slf4j\1.7.25\jul-to-slf4j-1.7.25.jar;C:\Users\borges\.m2\repository\org\slf4j\log4j-over-slf4j\1.7.25\log4j-over-slf4j-1.7.25.jar;C:\Users\borges\.m2\repository\org\yaml\snakeyaml\1.17\snakeyaml-1.17.jar;C:\Users\borges\.m2\repository\org\mongodb\mongodb-driver\3.4.3\mongodb-driver-3.4.3.jar;C:\Users\borges\.m2\repository\org\mongodb\mongodb-driver-core\3.4.3\mongodb-driver-core-3.4.3.jar;C:\Users\borges\.m2\repository\org\mongodb\bson\3.4.3\bson-3.4.3.jar;C:\Users\borges\.m2\repository\org\springframework\data\spring-data-mongodb\1.10.18.RELEASE\spring-data-mongodb-1.10.18.RELEASE.jar;C:\Users\borges\.m2\repository\org\springframework\spring-tx\4.3.22.RELEASE\spring-tx-4.3.22.RELEASE.jar;C:\Users\borges\.m2\repository\org\springframework\spring-context\4.3.22.RELEASE\spring-context-4.3.22.RELEASE.jar;C:\Users\borges\.m2\repository\org\springframework\spring-aop\4.3.22.RELEASE\spring-aop-4.3.22.RELEASE.jar;C:\Users\borges\.m2\repository\org\springframework\spring-beans\4.3.22.RELEASE\spring-beans-4.3.22.RELEASE.jar;C:\Users\borges\.m2\repository\org\springframework\spring-expression\4.3.22.RELEASE\spring-expression-4.3.22.RELEASE.jar;C:\Users\borges\.m2\repository\org\springframework\data\spring-data-commons\1.13.18.RELEASE\spring-data-commons-1.13.18.RELEASE.jar;C:\Users\borges\.m2\repository\org\slf4j\slf4j-api\1.7.25\slf4j-api-1.7.25.jar;C:\Users\borges\.m2\repository\org\slf4j\jcl-over-slf4j\1.7.25\jcl-over-slf4j-1.7.25.jar;C:\Users\borges\.m2\repository\org\springframework\boot\spring-boot-starter-data-rest\1.5.19.RELEASE\spring-boot-starter-data-rest-1.5.19.RELEASE.jar;C:\Users\borges\.m2\repository\org\springframework\boot\spring-boot-starter-web\1.5.19.RELEASE\spring-boot-starter-web-1.5.19.RELEASE.jar;C:\Users\borges\.m2\repository\org\springframework\boot\spring-boot-starter-tomcat\1.5.19.RELEASE\spring-boot-starter-tomcat-1.5.19.RELEASE.jar;C:\Users\borges\.m2\repository\org\apache\tomcat\embed\tomcat-embed-core\8.5.37\tomcat-embed-core-8.5.37.jar;C:\Users\borges\.m2\repository\org\apache\tomcat\tomcat-annotations-api\8.5.37\tomcat-annotations-api-8.5.37.jar;C:\Users\borges\.m2\repository\org\apache\tomcat\embed\tomcat-embed-el\8.5.37\tomcat-embed-el-8.5.37.jar;C:\Users\borges\.m2\repository\org\apache\tomcat\embed\tomcat-embed-websocket\8.5.37\tomcat-embed-websocket-8.5.37.jar;C:\Users\borges\.m2\repository\org\hibernate\hibernate-validator\5.3.6.Final\hibernate-validator-5.3.6.Final.jar;C:\Users\borges\.m2\repository\javax\validation\validation-api\1.1.0.Final\validation-api-1.1.0.Final.jar;C:\Users\borges\.m2\repository\org\jboss\logging\jboss-logging\3.3.2.Final\jboss-logging-3.3.2.Final.jar;C:\Users\borges\.m2\repository\com\fasterxml\classmate\1.3.4\classmate-1.3.4.jar;C:\Users\borges\.m2\repository\org\springframework\spring-web\4.3.22.RELEASE\spring-web-4.3.22.RELEASE.jar;C:\Users\borges\.m2\repository\org\springframework\spring-webmvc\4.3.22.RELEASE\spring-webmvc-4.3.22.RELEASE.jar;C:\Users\borges\.m2\repository\com\fasterxml\jackson\core\jackson-annotations\2.8.0\jackson-annotations-2.8.0.jar;C:\Users\borges\.m2\repository\com\fasterxml\jackson\core\jackson-databind\2.8.11.3\jackson-databind-2.8.11.3.jar;C:\Users\borges\.m2\repository\com\fasterxml\jackson\core\jackson-core\2.8.11\jackson-core-2.8.11.jar;C:\Users\borges\.m2\repository\org\springframework\data\spring-data-rest-webmvc\2.6.18.RELEASE\spring-data-rest-webmvc-2.6.18.RELEASE.jar;C:\Users\borges\.m2\repository\org\springframework\data\spring-data-rest-core\2.6.18.RELEASE\spring-data-rest-core-2.6.18.RELEASE.jar;C:\Users\borges\.m2\repository\org\springframework\hateoas\spring-hateoas\0.23.0.RELEASE\spring-hateoas-0.23.0.RELEASE.jar;C:\Users\borges\.m2\repository\org\springframework\plugin\spring-plugin-core\1.2.0.RELEASE\spring-plugin-core-1.2.0.RELEASE.jar;C:\Users\borges\.m2\repository\org\atteo\evo-inflector\1.2.2\evo-inflector-1.2.2.jar;C:\Users\borges\.m2\repository\org\springframework\boot\spring-boot-starter-test\1.5.19.RELEASE\spring-boot-starter-test-1.5.19.RELEASE.jar;C:\Users\borges\.m2\repository\org\springframework\boot\spring-boot-test\1.5.19.RELEASE\spring-boot-test-1.5.19.RELEASE.jar;C:\Users\borges\.m2\repository\org\springframework\boot\spring-boot-test-autoconfigure\1.5.19.RELEASE\spring-boot-test-autoconfigure-1.5.19.RELEASE.jar;C:\Users\borges\.m2\repository\com\jayway\jsonpath\json-path\2.2.0\json-path-2.2.0.jar;C:\Users\borges\.m2\repository\net\minidev\json-smart\2.2.1\json-smart-2.2.1.jar;C:\Users\borges\.m2\repository\net\minidev\accessors-smart\1.1\accessors-smart-1.1.jar;C:\Users\borges\.m2\repository\org\ow2\asm\asm\5.0.3\asm-5.0.3.jar;C:\Users\borges\.m2\repository\junit\junit\4.12\junit-4.12.jar;C:\Users\borges\.m2\repository\org\assertj\assertj-core\2.6.0\assertj-core-2.6.0.jar;C:\Users\borges\.m2\repository\org\mockito\mockito-core\1.10.19\mockito-core-1.10.19.jar;C:\Users\borges\.m2\repository\org\objenesis\objenesis\2.1\objenesis-2.1.jar;C:\Users\borges\.m2\repository\org\hamcrest\hamcrest-core\1.3\hamcrest-core-1.3.jar;C:\Users\borges\.m2\repository\org\hamcrest\hamcrest-library\1.3\hamcrest-library-1.3.jar;C:\Users\borges\.m2\repository\org\skyscreamer\jsonassert\1.4.0\jsonassert-1.4.0.jar;C:\Users\borges\.m2\repository\com\vaadin\external\google\android-json\0.0.20131108.vaadin1\android-json-0.0.20131108.vaadin1.jar;C:\Users\borges\.m2\repository\org\springframework\spring-core\4.3.22.RELEASE\spring-core-4.3.22.RELEASE.jar;C:\Users\borges\.m2\repository\org\springframework\spring-test\4.3.22.RELEASE\spring-test-4.3.22.RELEASE.jar;, java.specification.name=Java Platform API Specification, java.class.version=52.0, sun.management.compiler=HotSpot 64-Bit Tiered Compilers, os.version=6.1, user.home=C:\Users\borges, user.timezone=America/Sao_Paulo, java.awt.printerjob=sun.awt.windows.WPrinterJob, file.encoding=Cp1252, java.specification.version=1.8, java.class.path=C:\Users\borges\Documents\GitHub\AngularSpring\Spring\PrimeiroSpringData\target\test-classes;C:\Users\borges\Documents\GitHub\AngularSpring\Spring\PrimeiroSpringData\target\classes;C:\Users\borges\.m2\repository\org\springframework\boot\spring-boot-starter-data-mongodb\1.5.19.RELEASE\spring-boot-starter-data-mongodb-1.5.19.RELEASE.jar;C:\Users\borges\.m2\repository\org\springframework\boot\spring-boot-starter\1.5.19.RELEASE\spring-boot-starter-1.5.19.RELEASE.jar;C:\Users\borges\.m2\repository\org\springframework\boot\spring-boot\1.5.19.RELEASE\spring-boot-1.5.19.RELEASE.jar;C:\Users\borges\.m2\repository\org\springframework\boot\spring-boot-autoconfigure\1.5.19.RELEASE\spring-boot-autoconfigure-1.5.19.RELEASE.jar;C:\Users\borges\.m2\repository\org\springframework\boot\spring-boot-starter-logging\1.5.19.RELEASE\spring-boot-starter-logging-1.5.19.RELEASE.jar;C:\Users\borges\.m2\repository\ch\qos\logback\logback-classic\1.1.11\logback-classic-1.1.11.jar;C:\Users\borges\.m2\repository\ch\qos\logback\logback-core\1.1.11\logback-core-1.1.11.jar;C:\Users\borges\.m2\repository\org\slf4j\jul-to-slf4j\1.7.25\jul-to-slf4j-1.7.25.jar;C:\Users\borges\.m2\repository\org\slf4j\log4j-over-slf4j\1.7.25\log4j-over-slf4j-1.7.25.jar;C:\Users\borges\.m2\repository\org\yaml\snakeyaml\1.17\snakeyaml-1.17.jar;C:\Users\borges\.m2\repository\org\mongodb\mongodb-driver\3.4.3\mongodb-driver-3.4.3.jar;C:\Users\borges\.m2\repository\org\mongodb\mongodb-driver-core\3.4.3\mongodb-driver-core-3.4.3.jar;C:\Users\borges\.m2\repository\org\mongodb\bson\3.4.3\bson-3.4.3.jar;C:\Users\borges\.m2\repository\org\springframework\data\spring-data-mongodb\1.10.18.RELEASE\spring-data-mongodb-1.10.18.RELEASE.jar;C:\Users\borges\.m2\repository\org\springframework\spring-tx\4.3.22.RELEASE\spring-tx-4.3.22.RELEASE.jar;C:\Users\borges\.m2\repository\org\springframework\spring-context\4.3.22.RELEASE\spring-context-4.3.22.RELEASE.jar;C:\Users\borges\.m2\repository\org\springframework\spring-aop\4.3.22.RELEASE\spring-aop-4.3.22.RELEASE.jar;C:\Users\borges\.m2\repository\org\springframework\spring-beans\4.3.22.RELEASE\spring-beans-4.3.22.RELEASE.jar;C:\Users\borges\.m2\repository\org\springframework\spring-expression\4.3.22.RELEASE\spring-expression-4.3.22.RELEASE.jar;C:\Users\borges\.m2\repository\org\springframework\data\spring-data-commons\1.13.18.RELEASE\spring-data-commons-1.13.18.RELEASE.jar;C:\Users\borges\.m2\repository\org\slf4j\slf4j-api\1.7.25\slf4j-api-1.7.25.jar;C:\Users\borges\.m2\repository\org\slf4j\jcl-over-slf4j\1.7.25\jcl-over-slf4j-1.7.25.jar;C:\Users\borges\.m2\repository\org\springframework\boot\spring-boot-starter-data-rest\1.5.19.RELEASE\spring-boot-starter-data-rest-1.5.19.RELEASE.jar;C:\Users\borges\.m2\repository\org\springframework\boot\spring-boot-starter-web\1.5.19.RELEASE\spring-boot-starter-web-1.5.19.RELEASE.jar;C:\Users\borges\.m2\repository\org\springframework\boot\spring-boot-starter-tomcat\1.5.19.RELEASE\spring-boot-starter-tomcat-1.5.19.RELEASE.jar;C:\Users\borges\.m2\repository\org\apache\tomcat\embed\tomcat-embed-core\8.5.37\tomcat-embed-core-8.5.37.jar;C:\Users\borges\.m2\repository\org\apache\tomcat\tomcat-annotations-api\8.5.37\tomcat-annotations-api-8.5.37.jar;C:\Users\borges\.m2\repository\org\apache\tomcat\embed\tomcat-embed-el\8.5.37\tomcat-embed-el-8.5.37.jar;C:\Users\borges\.m2\repository\org\apache\tomcat\embed\tomcat-embed-websocket\8.5.37\tomcat-embed-websocket-8.5.37.jar;C:\Users\borges\.m2\repository\org\hibernate\hibernate-validator\5.3.6.Final\hibernate-validator-5.3.6.Final.jar;C:\Users\borges\.m2\repository\javax\validation\validation-api\1.1.0.Final\validation-api-1.1.0.Final.jar;C:\Users\borges\.m2\repository\org\jboss\logging\jboss-logging\3.3.2.Final\jboss-logging-3.3.2.Final.jar;C:\Users\borges\.m2\repository\com\fasterxml\classmate\1.3.4\classmate-1.3.4.jar;C:\Users\borges\.m2\repository\org\springframework\spring-web\4.3.22.RELEASE\spring-web-4.3.22.RELEASE.jar;C:\Users\borges\.m2\repository\org\springframework\spring-webmvc\4.3.22.RELEASE\spring-webmvc-4.3.22.RELEASE.jar;C:\Users\borges\.m2\repository\com\fasterxml\jackson\core\jackson-annotations\2.8.0\jackson-annotations-2.8.0.jar;C:\Users\borges\.m2\repository\com\fasterxml\jackson\core\jackson-databind\2.8.11.3\jackson-databind-2.8.11.3.jar;C:\Users\borges\.m2\repository\com\fasterxml\jackson\core\jackson-core\2.8.11\jackson-core-2.8.11.jar;C:\Users\borges\.m2\repository\org\springframework\data\spring-data-rest-webmvc\2.6.18.RELEASE\spring-data-rest-webmvc-2.6.18.RELEASE.jar;C:\Users\borges\.m2\repository\org\springframework\data\spring-data-rest-core\2.6.18.RELEASE\spring-data-rest-core-2.6.18.RELEASE.jar;C:\Users\borges\.m2\repository\org\springframework\hateoas\spring-hateoas\0.23.0.RELEASE\spring-hateoas-0.23.0.RELEASE.jar;C:\Users\borges\.m2\repository\org\springframework\plugin\spring-plugin-core\1.2.0.RELEASE\spring-plugin-core-1.2.0.RELEASE.jar;C:\Users\borges\.m2\repository\org\atteo\evo-inflector\1.2.2\evo-inflector-1.2.2.jar;C:\Users\borges\.m2\repository\org\springframework\boot\spring-boot-starter-test\1.5.19.RELEASE\spring-boot-starter-test-1.5.19.RELEASE.jar;C:\Users\borges\.m2\repository\org\springframework\boot\spring-boot-test\1.5.19.RELEASE\spring-boot-test-1.5.19.RELEASE.jar;C:\Users\borges\.m2\repository\org\springframework\boot\spring-boot-test-autoconfigure\1.5.19.RELEASE\spring-boot-test-autoconfigure-1.5.19.RELEASE.jar;C:\Users\borges\.m2\repository\com\jayway\jsonpath\json-path\2.2.0\json-path-2.2.0.jar;C:\Users\borges\.m2\repository\net\minidev\json-smart\2.2.1\json-smart-2.2.1.jar;C:\Users\borges\.m2\repository\net\minidev\accessors-smart\1.1\accessors-smart-1.1.jar;C:\Users\borges\.m2\repository\org\ow2\asm\asm\5.0.3\asm-5.0.3.jar;C:\Users\borges\.m2\repository\junit\junit\4.12\junit-4.12.jar;C:\Users\borges\.m2\repository\org\assertj\assertj-core\2.6.0\assertj-core-2.6.0.jar;C:\Users\borges\.m2\repository\org\mockito\mockito-core\1.10.19\mockito-core-1.10.19.jar;C:\Users\borges\.m2\repository\org\objenesis\objenesis\2.1\objenesis-2.1.jar;C:\Users\borges\.m2\repository\org\hamcrest\hamcrest-core\1.3\hamcrest-core-1.3.jar;C:\Users\borges\.m2\repository\org\hamcrest\hamcrest-library\1.3\hamcrest-library-1.3.jar;C:\Users\borges\.m2\repository\org\skyscreamer\jsonassert\1.4.0\jsonassert-1.4.0.jar;C:\Users\borges\.m2\repository\com\vaadin\external\google\android-json\0.0.20131108.vaadin1\android-json-0.0.20131108.vaadin1.jar;C:\Users\borges\.m2\repository\org\springframework\spring-core\4.3.22.RELEASE\spring-core-4.3.22.RELEASE.jar;C:\Users\borges\.m2\repository\org\springframework\spring-test\4.3.22.RELEASE\spring-test-4.3.22.RELEASE.jar;, user.name=borges, java.vm.specification.version=1.8, sun.java.command=C:\Users\borges\Documents\GitHub\AngularSpring\Spring\PrimeiroSpringData\target\surefire\surefirebooter8204389696371566208.jar C:\Users\borges\Documents\GitHub\AngularSpring\Spring\PrimeiroSpringData\target\surefire\surefire8112331922773021049tmp C:\Users\borges\Documents\GitHub\AngularSpring\Spring\PrimeiroSpringData\target\surefire\surefire_07819592837401937151tmp, java.home=C:\Program Files\Java\jdk1.8.0_131\jre, sun.arch.data.model=64, user.language=pt, java.specification.vendor=Oracle Corporation, awt.toolkit=sun.awt.windows.WToolkit, java.vm.info=mixed mode, java.version=1.8.0_131, java.ext.dirs=C:\Program Files\Java\jdk1.8.0_131\jre\lib\ext;C:\Windows\Sun\Java\lib\ext, sun.boot.class.path=C:\Program Files\Java\jdk1.8.0_131\jre\lib\resources.jar;C:\Program Files\Java\jdk1.8.0_131\jre\lib\rt.jar;C:\Program Files\Java\jdk1.8.0_131\jre\lib\sunrsasign.jar;C:\Program Files\Java\jdk1.8.0_131\jre\lib\jsse.jar;C:\Program Files\Java\jdk1.8.0_131\jre\lib\jce.jar;C:\Program Files\Java\jdk1.8.0_131\jre\lib\charsets.jar;C:\Program Files\Java\jdk1.8.0_131\jre\lib\jfr.jar;C:\Program Files\Java\jdk1.8.0_131\jre\classes, java.vendor=Oracle Corporation, localRepository=C:\Users\borges\.m2\repository, file.separator=\, java.vendor.url.bug=http://bugreport.sun.com/bugreport/, sun.io.unicode.encoding=UnicodeLittle, sun.cpu.endian=little, sun.desktop=windows, sun.cpu.isalist=amd64}}, SystemEnvironmentPropertySource@242355057 {name='systemEnvironment', properties={PATH=C:/Program Files/Java/jdk1.8.0_131/bin/../jre/bin/server;C:/Program Files/Java/jdk1.8.0_131/bin/../jre/bin;C:/Program Files/Java/jdk1.8.0_131/bin/../jre/lib/amd64;C:\Program Files\Intel\WiFi\bin\;C:\Program Files\Common Files\Intel\WirelessCommon\;C:\Users\borges\AppData\Roaming\npm;C:\Users\borges\AppData\Local\Programs\Microsoft VS Code\bin;C:\Users\borges\AppData\Local\GitHubDesktop\bin;C:\Program Files\heroku\bin;C:\Users\borges\AppData\Roaming\Composer\vendor\bin;C:\MongoDB\bin;C:\Program Files\Java\jdk1.8.0_131\bin;C:\Program Files\Intel\WiFi\bin\;C:\Program Files\Common Files\Intel\WirelessCommon\;C:\Users\borges\AppData\Roaming\npm;C:\Users\borges\AppData\Local\Programs\Microsoft VS Code\bin;C:\Users\borges\AppData\Local\GitHubDesktop\bin;C:\Program Files\heroku\bin;C:\Users\borges\AppData\Roaming\Composer\vendor\bin;C:\MongoDB\bin;C:\Program Files\Java\jdk1.8.0_131\bin;C:\cr.borges\CURSO SPRING\Spring tools;, LOCALAPPDATA=C:\Users\borges\AppData\Local, PROCESSOR_LEVEL=6, SYSTEMDRIVE=C:, COMMONPROGRAMFILES(X86)=C:\Program Files (x86)\Common Files, FP_NO_HOST_CHECK=NO, USERDOMAIN=borgespc, LOGONSERVER=\\BORGESPC, PROMPT=$P$G, SESSIONNAME=Console, ALLUSERSPROFILE=C:\ProgramData, PROGRAMFILES(X86)=C:\Program Files (x86), PROCESSOR_ARCHITECTURE=AMD64, PROGRAMFILES=C:\Program Files, =C:=C:\Users\borges\Documents\GitHub\AngularSpring\Spring\PrimeiroSpringData, APPDATA=C:\Users\borges\AppData\Roaming, MOZ_PLUGIN_PATH=C:\Program Files (x86)\Foxit Software\Foxit Reader\plugins\, PSMODULEPATH=C:\Windows\system32\WindowsPowerShell\v1.0\Modules\, PROGRAMW6432=C:\Program Files, PROGRAMDATA=C:\ProgramData, SYSTEMROOT=C:\Windows, USERNAME=borges, VBOX_MSI_INSTALL_PATH=C:\Program Files\Oracle\VirtualBox\, PATHEXT=.COM;.EXE;.BAT;.CMD;.VBS;.VBE;.JS;.JSE;.WSF;.WSH;.MSC, OS=Windows_NT, COMMONPROGRAMW6432=C:\Program Files\Common Files, COMPUTERNAME=BORGESPC, COMMONPROGRAMFILES=C:\Program Files\Common Files, COMSPEC=C:\Windows\system32\cmd.exe, PROCESSOR_REVISION=3a09, WINDIR=C:\Windows, HOMEPATH=\Users\borges, TEMP=C:\Users\borges\AppData\Local\Temp, HOMEDRIVE=C:, PROCESSOR_IDENTIFIER=Intel64 Family 6 Model 58 Stepping 9, GenuineIntel, USERPROFILE=C:\Users\borges, TMP=C:\Users\borges\AppData\Local\Temp, PUBLIC=C:\Users\Public, NUMBER_OF_PROCESSORS=4}}]
19:41:01.192 [main] DEBUG org.springframework.core.io.support.PathMatchingResourcePatternResolver - Resolved classpath location [com/example/demo/] to resources [URL [file:/C:/Users/borges/Documents/GitHub/AngularSpring/Spring/PrimeiroSpringData/target/test-classes/com/example/demo/]]
19:41:01.193 [main] DEBUG org.springframework.core.io.support.PathMatchingResourcePatternResolver - Looking for matching resources in directory tree [C:\Users\borges\Documents\GitHub\AngularSpring\Spring\PrimeiroSpringData\target\test-classes\com\example\demo]
19:41:01.193 [main] DEBUG org.springframework.core.io.support.PathMatchingResourcePatternResolver - Searching directory [C:\Users\borges\Documents\GitHub\AngularSpring\Spring\PrimeiroSpringData\target\test-classes\com\example\demo] for files matching pattern [C:/Users/borges/Documents/GitHub/AngularSpring/Spring/PrimeiroSpringData/target/test-classes/com/example/demo/*.class]
19:41:01.195 [main] DEBUG org.springframework.core.io.support.PathMatchingResourcePatternResolver - Resolved location pattern [classpath*:com/example/demo/*.class] to resources [file [C:\Users\borges\Documents\GitHub\AngularSpring\Spring\PrimeiroSpringData\target\test-classes\com\example\demo\PrimeiroSpringDataApplicationTests.class]]
19:41:01.196 [main] DEBUG org.springframework.core.io.support.PathMatchingResourcePatternResolver - Resolved classpath location [com/example/] to resources [URL [file:/C:/Users/borges/Documents/GitHub/AngularSpring/Spring/PrimeiroSpringData/target/test-classes/com/example/]]
19:41:01.197 [main] DEBUG org.springframework.core.io.support.PathMatchingResourcePatternResolver - Looking for matching resources in directory tree [C:\Users\borges\Documents\GitHub\AngularSpring\Spring\PrimeiroSpringData\target\test-classes\com\example]
19:41:01.197 [main] DEBUG org.springframework.core.io.support.PathMatchingResourcePatternResolver - Searching directory [C:\Users\borges\Documents\GitHub\AngularSpring\Spring\PrimeiroSpringData\target\test-classes\com\example] for files matching pattern [C:/Users/borges/Documents/GitHub/AngularSpring/Spring/PrimeiroSpringData/target/test-classes/com/example/*.class]
19:41:01.197 [main] DEBUG org.springframework.core.io.support.PathMatchingResourcePatternResolver - Resolved location pattern [classpath*:com/example/*.class] to resources []
19:41:01.199 [main] DEBUG org.springframework.core.io.support.PathMatchingResourcePatternResolver - Resolved classpath location [com/] to resources [URL [file:/C:/Users/borges/Documents/GitHub/AngularSpring/Spring/PrimeiroSpringData/target/test-classes/com/], URL [file:/C:/Users/borges/Documents/GitHub/AngularSpring/Spring/PrimeiroSpringData/target/classes/com/], URL [jar:file:/C:/Users/borges/.m2/repository/org/mongodb/mongodb-driver/3.4.3/mongodb-driver-3.4.3.jar!/com/], URL [jar:file:/C:/Users/borges/.m2/repository/org/mongodb/mongodb-driver-core/3.4.3/mongodb-driver-core-3.4.3.jar!/com/], URL [jar:file:/C:/Users/borges/.m2/repository/com/fasterxml/classmate/1.3.4/classmate-1.3.4.jar!/com/], URL [jar:file:/C:/Users/borges/.m2/repository/com/fasterxml/jackson/core/jackson-annotations/2.8.0/jackson-annotations-2.8.0.jar!/com/], URL [jar:file:/C:/Users/borges/.m2/repository/com/fasterxml/jackson/core/jackson-databind/2.8.11.3/jackson-databind-2.8.11.3.jar!/com/], URL [jar:file:/C:/Users/borges/.m2/repository/com/fasterxml/jackson/core/jackson-core/2.8.11/jackson-core-2.8.11.jar!/com/], URL [jar:file:/C:/Users/borges/.m2/repository/com/jayway/jsonpath/json-path/2.2.0/json-path-2.2.0.jar!/com/]]
19:41:01.199 [main] DEBUG org.springframework.core.io.support.PathMatchingResourcePatternResolver - Looking for matching resources in directory tree [C:\Users\borges\Documents\GitHub\AngularSpring\Spring\PrimeiroSpringData\target\test-classes\com]
19:41:01.200 [main] DEBUG org.springframework.core.io.support.PathMatchingResourcePatternResolver - Searching directory [C:\Users\borges\Documents\GitHub\AngularSpring\Spring\PrimeiroSpringData\target\test-classes\com] for files matching pattern [C:/Users/borges/Documents/GitHub/AngularSpring/Spring/PrimeiroSpringData/target/test-classes/com/*.class]
19:41:01.200 [main] DEBUG org.springframework.core.io.support.PathMatchingResourcePatternResolver - Looking for matching resources in directory tree [C:\Users\borges\Documents\GitHub\AngularSpring\Spring\PrimeiroSpringData\target\classes\com]
19:41:01.201 [main] DEBUG org.springframework.core.io.support.PathMatchingResourcePatternResolver - Searching directory [C:\Users\borges\Documents\GitHub\AngularSpring\Spring\PrimeiroSpringData\target\classes\com] for files matching pattern [C:/Users/borges/Documents/GitHub/AngularSpring/Spring/PrimeiroSpringData/target/classes/com/*.class]
19:41:01.201 [main] DEBUG org.springframework.core.io.support.PathMatchingResourcePatternResolver - Looking for matching resources in jar file [file:/C:/Users/borges/.m2/repository/org/mongodb/mongodb-driver/3.4.3/mongodb-driver-3.4.3.jar]
19:41:01.204 [main] DEBUG org.springframework.core.io.support.PathMatchingResourcePatternResolver - Looking for matching resources in jar file [file:/C:/Users/borges/.m2/repository/org/mongodb/mongodb-driver-core/3.4.3/mongodb-driver-core-3.4.3.jar]
19:41:01.221 [main] DEBUG org.springframework.core.io.support.PathMatchingResourcePatternResolver - Looking for matching resources in jar file [file:/C:/Users/borges/.m2/repository/com/fasterxml/classmate/1.3.4/classmate-1.3.4.jar]
19:41:01.222 [main] DEBUG org.springframework.core.io.support.PathMatchingResourcePatternResolver - Looking for matching resources in jar file [file:/C:/Users/borges/.m2/repository/com/fasterxml/jackson/core/jackson-annotations/2.8.0/jackson-annotations-2.8.0.jar]
19:41:01.223 [main] DEBUG org.springframework.core.io.support.PathMatchingResourcePatternResolver - Looking for matching resources in jar file [file:/C:/Users/borges/.m2/repository/com/fasterxml/jackson/core/jackson-databind/2.8.11.3/jackson-databind-2.8.11.3.jar]
19:41:01.230 [main] DEBUG org.springframework.core.io.support.PathMatchingResourcePatternResolver - Looking for matching resources in jar file [file:/C:/Users/borges/.m2/repository/com/fasterxml/jackson/core/jackson-core/2.8.11/jackson-core-2.8.11.jar]
19:41:01.231 [main] DEBUG org.springframework.core.io.support.PathMatchingResourcePatternResolver - Looking for matching resources in jar file [file:/C:/Users/borges/.m2/repository/com/jayway/jsonpath/json-path/2.2.0/json-path-2.2.0.jar]
19:41:01.232 [main] DEBUG org.springframework.core.io.support.PathMatchingResourcePatternResolver - Resolved location pattern [classpath*:com/*.class] to resources []
]]></system-out>
  </testcase>
</testsuite>